<?xml version="1.0" encoding="UTF-8"?>
<!-- Generated by org.testng.reporters.JUnitReportReporter -->
<testsuite name="alertExample.HandleAlert" tests="1" time="4.150" ignored="0" failures="0" timestamp="09 Oct 2023 04:45:45 GMT" skipped="0" hostname="DESKTOP-QNHJ5Q7" errors="0">
  <testcase name="SimpleAlert" time="4.150" classname="alertExample.HandleAlert"/>
</testsuite> <!-- alertExample.HandleAlert -->
