<?xml version="1.0" encoding="UTF-8"?>
<!-- Generated by org.testng.reporters.JUnitReportReporter -->
<testsuite name="testNGExample.AmazonAppTest" tests="4" time="0.015" ignored="0" failures="0" timestamp="10 Oct 2023 04:10:38 GMT" skipped="0" hostname="DESKTOP-QNHJ5Q7" errors="0">
  <testcase name="addItem" time="0.015" classname="testNGExample.AmazonAppTest"/>
  <testcase name="login" time="0.000" classname="testNGExample.AmazonAppTest"/>
  <testcase name="logout" time="0.000" classname="testNGExample.AmazonAppTest"/>
  <testcase name="payment" time="0.000" classname="testNGExample.AmazonAppTest"/>
</testsuite> <!-- testNGExample.AmazonAppTest -->
