<?xml version="1.0" encoding="UTF-8"?>
<!-- Generated by org.testng.reporters.JUnitReportReporter -->
<testsuite name="testNGExample.AmazonAppTest2" tests="7" time="0.139" ignored="0" failures="0" timestamp="10 Oct 2023 04:23:38 GMT" skipped="0" hostname="DESKTOP-QNHJ5Q7" errors="0">
  <testcase name="logout" time="0.040" classname="testNGExample.AmazonAppTest2"/>
  <testcase name="addItem" time="0.015" classname="testNGExample.AmazonAppTest2"/>
  <testcase name="payment" time="0.021" classname="testNGExample.AmazonAppTest2"/>
  <testcase name="login" time="0.032" classname="testNGExample.AmazonAppTest2"/>
  <testcase name="testcase2" time="0.016" classname="testNGExample.AmazonAppTest2"/>
  <testcase name="testcase1" time="0.015" classname="testNGExample.AmazonAppTest2"/>
  <testcase name="cancelOrder" time="0.000" classname="testNGExample.AmazonAppTest2"/>
</testsuite> <!-- testNGExample.AmazonAppTest2 -->
