<?xml version="1.0" encoding="UTF-8"?>
<!-- Generated by org.testng.reporters.JUnitReportReporter -->
<testsuite name="test.LoginTest" tests="1" time="11.394" ignored="0" failures="0" timestamp="16 Oct 2023 05:13:55 GMT" skipped="0" hostname="DESKTOP-QNHJ5Q7" errors="0">
  <testcase name="verifyLoginfeature" time="11.394" classname="test.LoginTest"/>
</testsuite> <!-- test.LoginTest -->
