<?xml version="1.0" encoding="UTF-8"?>
<!-- Generated by org.testng.reporters.JUnitReportReporter -->
<testsuite name="ddtExample.NOPComm_LoginDDTExample" tests="4" time="40.930" ignored="0" failures="0" timestamp="11 Oct 2023 05:31:36 GMT" skipped="0" hostname="DESKTOP-QNHJ5Q7" errors="0">
  <testcase name="verifyLoginFeatureWithInValidUser" time="10.590" classname="ddtExample.NOPComm_LoginDDTExample"/>
  <testcase name="verifyLoginFeatureWithInValidUser" time="10.320" classname="ddtExample.NOPComm_LoginDDTExample"/>
  <testcase name="verifyLoginFeatureWithInValidUser" time="10.304" classname="ddtExample.NOPComm_LoginDDTExample"/>
  <testcase name="verifyLoginFeatureWithInValidUser" time="9.716" classname="ddtExample.NOPComm_LoginDDTExample"/>
</testsuite> <!-- ddtExample.NOPComm_LoginDDTExample -->
