<?xml version="1.0" encoding="UTF-8"?>
<!-- Generated by org.testng.reporters.JUnitReportReporter -->
<testsuite name="takeScreenShotExample.AmazonApp" tests="1" time="11.037" ignored="0" failures="0" timestamp="12 Oct 2023 05:37:30 GMT" skipped="0" hostname="DESKTOP-QNHJ5Q7" errors="0">
  <testcase name="verifySearchItem" time="11.037" classname="takeScreenShotExample.AmazonApp"/>
</testsuite> <!-- takeScreenShotExample.AmazonApp -->
