<?xml version="1.0" encoding="UTF-8"?>
<!-- Generated by org.testng.reporters.JUnitReportReporter -->
<testsuite name="testNGExample.TestNGAnnotationExample" tests="3" time="12.041" ignored="0" failures="0" timestamp="11 Oct 2023 03:45:23 GMT" skipped="0" hostname="DESKTOP-QNHJ5Q7" errors="0">
  <testcase name="addItem" time="4.008" classname="testNGExample.TestNGAnnotationExample"/>
  <testcase name="login" time="4.020" classname="testNGExample.TestNGAnnotationExample"/>
  <testcase name="logout" time="4.013" classname="testNGExample.TestNGAnnotationExample"/>
</testsuite> <!-- testNGExample.TestNGAnnotationExample -->
